# JRE version: Java(TM) SE Runtime Environment (8.0_201-b09) (build 1.8.0_201-b09)
# Java VM: Java HotSpot(TM) 64-Bit Server VM (25.201-b09 mixed mode windows-amd64 compressed oops)
Heap:
 PSYoungGen      total 798208K, used 738421K [0x000000076b100000, 0x00000007b8f80000, 0x00000007c0000000)
  eden space 334336K, 100% used [0x000000076b100000,0x000000077f780000,0x000000077f780000)
  from space 463872K, 87% used [0x000000079bc80000,0x00000007b471d400,0x00000007b8180000)
  to   space 463872K, 68% used [0x000000077f780000,0x0000000792e70000,0x000000079bc80000)
 ParOldGen       total 1907200K, used 1452039K [0x00000006c1200000, 0x0000000735880000, 0x000000076b100000)
  object space 1907200K, 76% used [0x00000006c1200000,0x0000000719c01d18,0x0000000735880000)
 Metaspace       used 3982K, capacity 4826K, committed 5120K, reserved 1056768K
  class space    used 446K, capacity 465K, committed 512K, reserved 1048576K
GC Heap History (10 events):
Event: 41.008 GC heap after
Heap after GC invocations=14 (full 5):
 PSYoungGen      total 482816K, used 96673K [0x000000076b100000, 0x00000007aa580000, 0x00000007c0000000)
  eden space 219136K, 0% used [0x000000076b100000,0x000000076b100000,0x0000000778700000)
  from space 263680K, 36% used [0x0000000778700000,0x000000077e568600,0x0000000788880000)
  to   space 374784K, 0% used [0x0000000793780000,0x0000000793780000,0x00000007aa580000)
 ParOldGen       total 1385472K, used 969933K [0x00000006c1200000, 0x0000000715b00000, 0x000000076b100000)
  object space 1385472K, 70% used [0x00000006c1200000,0x00000006fc533650,0x0000000715b00000)
 Metaspace       used 3982K, capacity 4826K, committed 5120K, reserved 1056768K
  class space    used 446K, capacity 465K, committed 512K, reserved 1048576K
}
Event: 41.100 GC heap before
{Heap before GC invocations=15 (full 5):
 PSYoungGen      total 482816K, used 315809K [0x000000076b100000, 0x00000007aa580000, 0x00000007c0000000)
  eden space 219136K, 100% used [0x000000076b100000,0x0000000778700000,0x0000000778700000)
  from space 263680K, 36% used [0x0000000778700000,0x000000077e568600,0x0000000788880000)
  to   space 374784K, 0% used [0x0000000793780000,0x0000000793780000,0x00000007aa580000)
 ParOldGen       total 1385472K, used 969933K [0x00000006c1200000, 0x0000000715b00000, 0x000000076b100000)
  object space 1385472K, 70% used [0x00000006c1200000,0x00000006fc533650,0x0000000715b00000)
 Metaspace       used 3982K, capacity 4826K, committed 5120K, reserved 1056768K
  class space    used 446K, capacity 465K, committed 512K, reserved 1048576K
Event: 41.658 GC heap after
Heap after GC invocations=15 (full 5):
 PSYoungGen      total 626688K, used 316192K [0x000000076b100000, 0x00000007ade80000, 0x00000007c0000000)
  eden space 251904K, 0% used [0x000000076b100000,0x000000076b100000,0x000000077a700000)
  from space 374784K, 84% used [0x0000000793780000,0x00000007a6c48000,0x00000007aa580000)
  to   space 410112K, 0% used [0x000000077a700000,0x000000077a700000,0x0000000793780000)
 ParOldGen       total 1385472K, used 969933K [0x00000006c1200000, 0x0000000715b00000, 0x000000076b100000)
  object space 1385472K, 70% used [0x00000006c1200000,0x00000006fc533650,0x0000000715b00000)
 Metaspace       used 3982K, capacity 4826K, committed 5120K, reserved 1056768K
  class space    used 446K, capacity 465K, committed 512K, reserved 1048576K
}
Event: 41.764 GC heap before
{Heap before GC invocations=16 (full 5):
 PSYoungGen      total 626688K, used 568096K [0x000000076b100000, 0x00000007ade80000, 0x00000007c0000000)
  eden space 251904K, 100% used [0x000000076b100000,0x000000077a700000,0x000000077a700000)
  from space 374784K, 84% used [0x0000000793780000,0x00000007a6c48000,0x00000007aa580000)
  to   space 410112K, 0% used [0x000000077a700000,0x000000077a700000,0x0000000793780000)
 ParOldGen       total 1385472K, used 969933K [0x00000006c1200000, 0x0000000715b00000, 0x000000076b100000)
  object space 1385472K, 70% used [0x00000006c1200000,0x00000006fc533650,0x0000000715b00000)
 Metaspace       used 3982K, capacity 4826K, committed 5120K, reserved 1056768K
  class space    used 446K, capacity 465K, committed 512K, reserved 1048576K
Event: 42.747 GC heap after
Heap after GC invocations=16 (full 5):
 PSYoungGen      total 662016K, used 410112K [0x000000076b100000, 0x00000007b8180000, 0x00000007c0000000)
  eden space 251904K, 0% used [0x000000076b100000,0x000000076b100000,0x000000077a700000)
  from space 410112K, 100% used [0x000000077a700000,0x0000000793780000,0x0000000793780000)
  to   space 463872K, 0% used [0x000000079bc80000,0x000000079bc80000,0x00000007b8180000)
 ParOldGen       total 1385472K, used 1128573K [0x00000006c1200000, 0x0000000715b00000, 0x000000076b100000)
  object space 1385472K, 81% used [0x00000006c1200000,0x000000070601f650,0x0000000715b00000)
 Metaspace       used 3982K, capacity 4826K, committed 5120K, reserved 1056768K
  class space    used 446K, capacity 465K, committed 512K, reserved 1048576K
}
Event: 42.854 GC heap before
{Heap before GC invocations=17 (full 5):
 PSYoungGen      total 662016K, used 662016K [0x000000076b100000, 0x00000007b8180000, 0x00000007c0000000)
  eden space 251904K, 100% used [0x000000076b100000,0x000000077a700000,0x000000077a700000)
  from space 410112K, 100% used [0x000000077a700000,0x0000000793780000,0x0000000793780000)
  to   space 463872K, 0% used [0x000000079bc80000,0x000000079bc80000,0x00000007b8180000)
 ParOldGen       total 1385472K, used 1128573K [0x00000006c1200000, 0x0000000715b00000, 0x000000076b100000)
  object space 1385472K, 81% used [0x00000006c1200000,0x000000070601f650,0x0000000715b00000)
 Metaspace       used 3982K, capacity 4826K, committed 5120K, reserved 1056768K
  class space    used 446K, capacity 465K, committed 512K, reserved 1048576K
Event: 44.102 GC heap after
Heap after GC invocations=17 (full 5):
 PSYoungGen      total 798208K, used 463872K [0x000000076b100000, 0x00000007b8f80000, 0x00000007c0000000)
  eden space 334336K, 0% used [0x000000076b100000,0x000000076b100000,0x000000077f780000)
  from space 463872K, 100% used [0x000000079bc80000,0x00000007b8180000,0x00000007b8180000)
  to   space 463872K, 0% used [0x000000077f780000,0x000000077f780000,0x000000079bc80000)
 ParOldGen       total 1385472K, used 1327573K [0x00000006c1200000, 0x0000000715b00000, 0x000000076b100000)
  object space 1385472K, 95% used [0x00000006c1200000,0x0000000712275650,0x0000000715b00000)
 Metaspace       used 3982K, capacity 4826K, committed 5120K, reserved 1056768K
  class space    used 446K, capacity 465K, committed 512K, reserved 1048576K
}
Event: 44.102 GC heap before
{Heap before GC invocations=18 (full 6):
 PSYoungGen      total 798208K, used 463872K [0x000000076b100000, 0x00000007b8f80000, 0x00000007c0000000)
  eden space 334336K, 0% used [0x000000076b100000,0x000000076b100000,0x000000077f780000)
  from space 463872K, 100% used [0x000000079bc80000,0x00000007b8180000,0x00000007b8180000)
  to   space 463872K, 0% used [0x000000077f780000,0x000000077f780000,0x000000079bc80000)
 ParOldGen       total 1385472K, used 1327573K [0x00000006c1200000, 0x0000000715b00000, 0x000000076b100000)
  object space 1385472K, 95% used [0x00000006c1200000,0x0000000712275650,0x0000000715b00000)
 Metaspace       used 3982K, capacity 4826K, committed 5120K, reserved 1056768K
  class space    used 446K, capacity 465K, committed 512K, reserved 1048576K
Event: 49.844 GC heap after
Heap after GC invocations=18 (full 6):
 PSYoungGen      total 798208K, used 404085K [0x000000076b100000, 0x00000007b8f80000, 0x00000007c0000000)
  eden space 334336K, 0% used [0x000000076b100000,0x000000076b100000,0x000000077f780000)
  from space 463872K, 87% used [0x000000079bc80000,0x00000007b471d400,0x00000007b8180000)
  to   space 463872K, 0% used [0x000000077f780000,0x000000077f780000,0x000000079bc80000)
 ParOldGen       total 1907200K, used 1385463K [0x00000006c1200000, 0x0000000735880000, 0x000000076b100000)
  object space 1907200K, 72% used [0x00000006c1200000,0x0000000715afdd18,0x0000000735880000)
 Metaspace       used 3982K, capacity 4826K, committed 5120K, reserved 1056768K
  class space    used 446K, capacity 465K, committed 512K, reserved 1048576K
}
Event: 49.988 GC heap before
{Heap before GC invocations=19 (full 6):
 PSYoungGen      total 798208K, used 738421K [0x000000076b100000, 0x00000007b8f80000, 0x00000007c0000000)
  eden space 334336K, 100% used [0x000000076b100000,0x000000077f780000,0x000000077f780000)
  from space 463872K, 87% used [0x000000079bc80000,0x00000007b471d400,0x00000007b8180000)
  to   space 463872K, 0% used [0x000000077f780000,0x000000077f780000,0x000000079bc80000)
 ParOldGen       total 1907200K, used 1385463K [0x00000006c1200000, 0x0000000735880000, 0x000000076b100000)
  object space 1907200K, 72% used [0x00000006c1200000,0x0000000715afdd18,0x0000000735880000)
 Metaspace       used 3982K, capacity 4826K, committed 5120K, reserved 1056768K
  class space    used 446K, capacity 465K, committed 512K, reserved 1048576K

