# JRE version: Java(TM) SE Runtime Environment (8.0_201-b09) (build 1.8.0_201-b09)
# Java VM: Java HotSpot(TM) 64-Bit Server VM (25.201-b09 mixed mode windows-amd64 compressed oops)
Heap:
 PSYoungGen      total 478720K, used 308646K [0x000000076b100000, 0x00000007a9a00000, 0x00000007c0000000)
  eden space 217088K, 100% used [0x000000076b100000,0x0000000778500000,0x0000000778500000)
  from space 261632K, 34% used [0x0000000778500000,0x000000077de69a00,0x0000000788480000)
  to   space 370688K, 28% used [0x0000000793000000,0x0000000799710000,0x00000007a9a00000)
 ParOldGen       total 1384960K, used 969455K [0x00000006c1200000, 0x0000000715a80000, 0x000000076b100000)
  object space 1384960K, 69% used [0x00000006c1200000,0x00000006fc4bbd60,0x0000000715a80000)
 Metaspace       used 3984K, capacity 4826K, committed 5120K, reserved 1056768K
  class space    used 446K, capacity 465K, committed 512K, reserved 1048576K
GC Heap History (10 events):
Event: 36.764 GC heap after
Heap after GC invocations=10 (full 3):
 PSYoungGen      total 307200K, used 138752K [0x000000076b100000, 0x0000000796700000, 0x00000007c0000000)
  eden space 168448K, 0% used [0x000000076b100000,0x000000076b100000,0x0000000775580000)
  from space 138752K, 100% used [0x0000000775580000,0x000000077dd00000,0x000000077dd00000)
  to   space 231936K, 0% used [0x0000000788480000,0x0000000788480000,0x0000000796700000)
 ParOldGen       total 628224K, used 537531K [0x00000006c1200000, 0x00000006e7780000, 0x000000076b100000)
  object space 628224K, 85% used [0x00000006c1200000,0x00000006e1eeec10,0x00000006e7780000)
 Metaspace       used 3984K, capacity 4826K, committed 5120K, reserved 1056768K
  class space    used 446K, capacity 465K, committed 512K, reserved 1048576K
}
Event: 36.764 GC heap before
{Heap before GC invocations=11 (full 4):
 PSYoungGen      total 307200K, used 138752K [0x000000076b100000, 0x0000000796700000, 0x00000007c0000000)
  eden space 168448K, 0% used [0x000000076b100000,0x000000076b100000,0x0000000775580000)
  from space 138752K, 100% used [0x0000000775580000,0x000000077dd00000,0x000000077dd00000)
  to   space 231936K, 0% used [0x0000000788480000,0x0000000788480000,0x0000000796700000)
 ParOldGen       total 628224K, used 537531K [0x00000006c1200000, 0x00000006e7780000, 0x000000076b100000)
  object space 628224K, 85% used [0x00000006c1200000,0x00000006e1eeec10,0x00000006e7780000)
 Metaspace       used 3984K, capacity 4826K, committed 5120K, reserved 1056768K
  class space    used 446K, capacity 465K, committed 512K, reserved 1048576K
Event: 39.145 GC heap after
Heap after GC invocations=11 (full 4):
 PSYoungGen      total 307200K, used 47569K [0x000000076b100000, 0x0000000796700000, 0x00000007c0000000)
  eden space 168448K, 0% used [0x000000076b100000,0x000000076b100000,0x0000000775580000)
  from space 138752K, 34% used [0x0000000775580000,0x00000007783f4600,0x000000077dd00000)
  to   space 231936K, 0% used [0x0000000788480000,0x0000000788480000,0x0000000796700000)
 ParOldGen       total 969728K, used 627911K [0x00000006c1200000, 0x00000006fc500000, 0x000000076b100000)
  object space 969728K, 64% used [0x00000006c1200000,0x00000006e7731e08,0x00000006fc500000)
 Metaspace       used 3984K, capacity 4826K, committed 5120K, reserved 1056768K
  class space    used 446K, capacity 465K, committed 512K, reserved 1048576K
}
Event: 39.229 GC heap before
{Heap before GC invocations=12 (full 4):
 PSYoungGen      total 307200K, used 216017K [0x000000076b100000, 0x0000000796700000, 0x00000007c0000000)
  eden space 168448K, 100% used [0x000000076b100000,0x0000000775580000,0x0000000775580000)
  from space 138752K, 34% used [0x0000000775580000,0x00000007783f4600,0x000000077dd00000)
  to   space 231936K, 0% used [0x0000000788480000,0x0000000788480000,0x0000000796700000)
 ParOldGen       total 969728K, used 627911K [0x00000006c1200000, 0x00000006fc500000, 0x000000076b100000)
  object space 969728K, 64% used [0x00000006c1200000,0x00000006e7731e08,0x00000006fc500000)
 Metaspace       used 3984K, capacity 4826K, committed 5120K, reserved 1056768K
  class space    used 446K, capacity 465K, committed 512K, reserved 1048576K
Event: 39.642 GC heap after
Heap after GC invocations=12 (full 4):
 PSYoungGen      total 449024K, used 216288K [0x000000076b100000, 0x0000000799600000, 0x00000007c0000000)
  eden space 217088K, 0% used [0x000000076b100000,0x000000076b100000,0x0000000778500000)
  from space 231936K, 93% used [0x0000000788480000,0x00000007957b8000,0x0000000796700000)
  to   space 261632K, 0% used [0x0000000778500000,0x0000000778500000,0x0000000788480000)
 ParOldGen       total 969728K, used 627911K [0x00000006c1200000, 0x00000006fc500000, 0x000000076b100000)
  object space 969728K, 64% used [0x00000006c1200000,0x00000006e7731e08,0x00000006fc500000)
 Metaspace       used 3984K, capacity 4826K, committed 5120K, reserved 1056768K
  class space    used 446K, capacity 465K, committed 512K, reserved 1048576K
}
Event: 39.743 GC heap before
{Heap before GC invocations=13 (full 4):
 PSYoungGen      total 449024K, used 433376K [0x000000076b100000, 0x0000000799600000, 0x00000007c0000000)
  eden space 217088K, 100% used [0x000000076b100000,0x0000000778500000,0x0000000778500000)
  from space 231936K, 93% used [0x0000000788480000,0x00000007957b8000,0x0000000796700000)
  to   space 261632K, 0% used [0x0000000778500000,0x0000000778500000,0x0000000788480000)
 ParOldGen       total 969728K, used 627911K [0x00000006c1200000, 0x00000006fc500000, 0x000000076b100000)
  object space 969728K, 64% used [0x00000006c1200000,0x00000006e7731e08,0x00000006fc500000)
 Metaspace       used 3984K, capacity 4826K, committed 5120K, reserved 1056768K
  class space    used 446K, capacity 465K, committed 512K, reserved 1048576K
Event: 40.520 GC heap after
Heap after GC invocations=13 (full 4):
 PSYoungGen      total 478720K, used 261632K [0x000000076b100000, 0x00000007a9a00000, 0x00000007c0000000)
  eden space 217088K, 0% used [0x000000076b100000,0x000000076b100000,0x0000000778500000)
  from space 261632K, 100% used [0x0000000778500000,0x0000000788480000,0x0000000788480000)
  to   space 370688K, 0% used [0x0000000793000000,0x0000000793000000,0x00000007a9a00000)
 ParOldGen       total 969728K, used 800335K [0x00000006c1200000, 0x00000006fc500000, 0x000000076b100000)
  object space 969728K, 82% used [0x00000006c1200000,0x00000006f1f93e08,0x00000006fc500000)
 Metaspace       used 3984K, capacity 4826K, committed 5120K, reserved 1056768K
  class space    used 446K, capacity 465K, committed 512K, reserved 1048576K
}
Event: 40.520 GC heap before
{Heap before GC invocations=14 (full 5):
 PSYoungGen      total 478720K, used 261632K [0x000000076b100000, 0x00000007a9a00000, 0x00000007c0000000)
  eden space 217088K, 0% used [0x000000076b100000,0x000000076b100000,0x0000000778500000)
  from space 261632K, 100% used [0x0000000778500000,0x0000000788480000,0x0000000788480000)
  to   space 370688K, 0% used [0x0000000793000000,0x0000000793000000,0x00000007a9a00000)
 ParOldGen       total 969728K, used 800335K [0x00000006c1200000, 0x00000006fc500000, 0x000000076b100000)
  object space 969728K, 82% used [0x00000006c1200000,0x00000006f1f93e08,0x00000006fc500000)
 Metaspace       used 3984K, capacity 4826K, committed 5120K, reserved 1056768K
  class space    used 446K, capacity 465K, committed 512K, reserved 1048576K
Event: 44.308 GC heap after
Heap after GC invocations=14 (full 5):
 PSYoungGen      total 478720K, used 91558K [0x000000076b100000, 0x00000007a9a00000, 0x00000007c0000000)
  eden space 217088K, 0% used [0x000000076b100000,0x000000076b100000,0x0000000778500000)
  from space 261632K, 34% used [0x0000000778500000,0x000000077de69a00,0x0000000788480000)
  to   space 370688K, 0% used [0x0000000793000000,0x0000000793000000,0x00000007a9a00000)
 ParOldGen       total 1384960K, used 969455K [0x00000006c1200000, 0x0000000715a80000, 0x000000076b100000)
  object space 1384960K, 69% used [0x00000006c1200000,0x00000006fc4bbd60,0x0000000715a80000)
 Metaspace       used 3984K, capacity 4826K, committed 5120K, reserved 1056768K
  class space    used 446K, capacity 465K, committed 512K, reserved 1048576K
}
Event: 44.410 GC heap before
{Heap before GC invocations=15 (full 5):
 PSYoungGen      total 478720K, used 308646K [0x000000076b100000, 0x00000007a9a00000, 0x00000007c0000000)
  eden space 217088K, 100% used [0x000000076b100000,0x0000000778500000,0x0000000778500000)
  from space 261632K, 34% used [0x0000000778500000,0x000000077de69a00,0x0000000788480000)
  to   space 370688K, 0% used [0x0000000793000000,0x0000000793000000,0x00000007a9a00000)
 ParOldGen       total 1384960K, used 969455K [0x00000006c1200000, 0x0000000715a80000, 0x000000076b100000)
  object space 1384960K, 69% used [0x00000006c1200000,0x00000006fc4bbd60,0x0000000715a80000)
 Metaspace       used 3984K, capacity 4826K, committed 5120K, reserved 1056768K
  class space    used 446K, capacity 465K, committed 512K, reserved 1048576K

